Base path: C:/Program Files/Unity/Editor/Data
Pipe name: \\.\pipe\UnityShaderCompiler-64bit-3-5280
Cmd: getPlatforms
Cmd: compileSnippet
  api=4 type=0 insize=938 outsize=4727 kw=DIRECTIONAL_COOKIE SHADOWS_OFF ok=1
Cmd: compileSnippet
  api=4 type=0 insize=938 outsize=4394 kw=DIRECTIONAL SHADOWS_SCREEN ok=1
Cmd: compileSnippet
  api=4 type=0 insize=938 outsize=4873 kw=POINT_COOKIE SHADOWS_CUBE ok=1
Cmd: compileSnippet
  api=4 type=1 insize=938 outsize=6149 kw=POINT_COOKIE SHADOWS_OFF ok=1
Cmd: compileSnippet
  api=4 type=1 insize=938 outsize=7051 kw=SPOT SHADOWS_DEPTH SHADOWS_NATIVE ok=1
Cmd: compileSnippet
  api=4 type=1 insize=938 outsize=6904 kw=POINT_COOKIE SHADOWS_CUBE ok=1
Cmd: compileSnippet
  api=4 type=0 insize=1152 outsize=3979 kw=LIGHTMAP_OFF DIRLIGHTMAP_OFF DYNAMICLIGHTMAP_OFF UNITY_HDR_ON ok=1
Cmd: compileSnippet
  api=4 type=1 insize=1152 outsize=7806 kw=LIGHTMAP_OFF DIRLIGHTMAP_OFF DYNAMICLIGHTMAP_OFF UNITY_HDR_ON ok=1
Cmd: compileSnippet
  api=8 type=0 insize=886 outsize=8653 kw=DIRECTIONAL SHADOWS_OFF LIGHTMAP_OFF DIRLIGHTMAP_OFF DYNAMICLIGHTMAP_OFF VERTEXLIGHT_ON ok=1
Cmd: compileSnippet
  api=8 type=1 insize=886 outsize=5834 kw=DIRECTIONAL SHADOWS_OFF LIGHTMAP_OFF DIRLIGHTMAP_OFF DYNAMICLIGHTMAP_OFF ok=1
Cmd: compileSnippet
  api=4 type=0 insize=816 outsize=4191 kw=DIRECTIONAL SHADOWS_OFF ok=1
Cmd: compileSnippet
  api=4 type=0 insize=816 outsize=5036 kw=SPOT SHADOWS_OFF ok=1
Cmd: compileSnippet
  api=4 type=0 insize=816 outsize=4881 kw=DIRECTIONAL_COOKIE SHADOWS_OFF ok=1
Cmd: compileSnippet
  api=4 type=0 insize=816 outsize=4548 kw=DIRECTIONAL SHADOWS_SCREEN ok=1
Cmd: compileSnippet
  api=8 type=0 insize=816 outsize=7467 kw=POINT SHADOWS_CUBE ok=1
Cmd: compileSnippet
  api=8 type=0 insize=816 outsize=7703 kw=DIRECTIONAL_COOKIE SHADOWS_SCREEN SHADOWS_NATIVE ok=1
Cmd: compileSnippet
  api=8 type=1 insize=816 outsize=3892 kw=DIRECTIONAL SHADOWS_OFF ok=1
Cmd: compileSnippet
  api=8 type=1 insize=816 outsize=4672 kw=POINT_COOKIE SHADOWS_OFF ok=1
Cmd: compileSnippet
  api=8 type=1 insize=816 outsize=5891 kw=SPOT SHADOWS_DEPTH SHADOWS_NATIVE ok=1
Cmd: compileSnippet
  api=4 type=1 insize=816 outsize=3768 kw=POINT_COOKIE SHADOWS_CUBE ok=1
Cmd: compileSnippet
  api=8 type=0 insize=600 outsize=5395 kw=SHADOWS_DEPTH ok=1
Cmd: compileSnippet
  api=8 type=1 insize=600 outsize=934 kw=SHADOWS_CUBE ok=1
Cmd: compileSnippet
  api=8 type=1 insize=9591 outsize=3973 kw= ok=1
Cmd: compileSnippet
  api=4 type=0 insize=541 outsize=1420 kw=SHADOWS_CUBE ok=1
Cmd: compileSnippet
  api=8 type=1 insize=541 outsize=674 kw=SHADOWS_DEPTH ok=1
Cmd: compileSnippet
  api=4 type=0 insize=6810 outsize=5117 kw=DIRECTIONAL SHADOWS_OFF LIGHTMAP_OFF DIRLIGHTMAP_OFF DYNAMICLIGHTMAP_OFF VERTEXLIGHT_ON ok=1
Cmd: compileSnippet
  api=8 type=0 insize=6810 outsize=6289 kw=DIRECTIONAL SHADOWS_SCREEN SHADOWS_NATIVE LIGHTMAP_OFF DIRLIGHTMAP_OFF DYNAMICLIGHTMAP_OFF ok=1
Cmd: compileSnippet
  api=4 type=1 insize=6810 outsize=1631 kw=DIRECTIONAL SHADOWS_SCREEN LIGHTMAP_OFF DIRLIGHTMAP_OFF DYNAMICLIGHTMAP_OFF ok=1
Cmd: compileSnippet
  api=8 type=0 insize=3647 outsize=3892 kw=POINT ok=1
Cmd: compileSnippet
  api=8 type=0 insize=3647 outsize=3892 kw=POINT_COOKIE ok=1
Cmd: compileSnippet
  api=8 type=1 insize=3647 outsize=1739 kw=DIRECTIONAL ok=1
Cmd: compileSnippet
  api=4 type=1 insize=3647 outsize=2135 kw=POINT_COOKIE ok=1
Cmd: compileSnippet
  api=8 type=1 insize=3647 outsize=2511 kw=DIRECTIONAL_COOKIE ok=1
Cmd: compileSnippet
  api=8 type=1 insize=2805 outsize=983 kw= ok=1
Cmd: compileSnippet
  api=8 type=0 insize=5995 outsize=5826 kw=LIGHTMAP_OFF DIRLIGHTMAP_OFF DYNAMICLIGHTMAP_OFF UNITY_HDR_ON ok=1
Cmd: compileSnippet
  api=8 type=1 insize=5995 outsize=1918 kw=LIGHTMAP_OFF DIRLIGHTMAP_OFF DYNAMICLIGHTMAP_OFF UNITY_HDR_ON ok=1
Cmd: compileSnippet
  api=8 type=0 insize=5928 outsize=5395 kw=LIGHTMAP_OFF DIRLIGHTMAP_OFF DYNAMICLIGHTMAP_OFF UNITY_HDR_ON ok=1
Cmd: compileSnippet
  api=8 type=1 insize=5928 outsize=2356 kw=LIGHTMAP_OFF DIRLIGHTMAP_OFF DYNAMICLIGHTMAP_OFF HDR_LIGHT_PREPASS_OFF ok=1
Cmd: compileSnippet
  api=4 type=0 insize=1275 outsize=1956 kw=DIRECTIONAL SHADOWS_OFF ok=1
Cmd: compileSnippet
  api=4 type=0 insize=1275 outsize=1956 kw=DIRECTIONAL SHADOWS_SCREEN ok=1
Cmd: compileSnippet
  api=4 type=0 insize=1275 outsize=1956 kw=POINT_COOKIE SHADOWS_CUBE ok=1
Cmd: compileSnippet
  api=4 type=1 insize=1275 outsize=4995 kw=POINT_COOKIE SHADOWS_OFF ok=1
Cmd: compileSnippet
  api=4 type=1 insize=1275 outsize=4532 kw=DIRECTIONAL_COOKIE SHADOWS_OFF ok=1
Cmd: compileSnippet
  api=4 type=1 insize=1275 outsize=5515 kw=POINT_COOKIE SHADOWS_CUBE ok=1
Cmd: compileSnippet
  api=4 type=1 insize=1275 outsize=6287 kw=POINT_COOKIE SHADOWS_CUBE SHADOWS_SOFT ok=1
Cmd: compileSnippet
  api=4 type=0 insize=1268 outsize=1956 kw=POINT_COOKIE SHADOWS_OFF ok=1
Cmd: compileSnippet
  api=4 type=0 insize=1268 outsize=1956 kw=DIRECTIONAL SHADOWS_SCREEN ok=1
Cmd: compileSnippet
  api=4 type=0 insize=1268 outsize=1956 kw=POINT_COOKIE SHADOWS_CUBE ok=1
Cmd: compileSnippet
  api=4 type=1 insize=1268 outsize=4946 kw=POINT_COOKIE SHADOWS_OFF ok=1
Cmd: compileSnippet
  api=4 type=1 insize=1268 outsize=4207 kw=DIRECTIONAL SHADOWS_SCREEN ok=1
Cmd: compileSnippet
  api=4 type=1 insize=1268 outsize=5466 kw=POINT_COOKIE SHADOWS_CUBE ok=1
Cmd: compileSnippet
  api=4 type=0 insize=1273 outsize=1956 kw=POINT_COOKIE SHADOWS_OFF ok=1
Cmd: compileSnippet
  api=4 type=0 insize=1273 outsize=1956 kw=DIRECTIONAL_COOKIE SHADOWS_SCREEN ok=1
Cmd: compileSnippet
  api=4 type=0 insize=1273 outsize=1956 kw=SPOT SHADOWS_DEPTH SHADOWS_SOFT SHADOWS_NATIVE ok=1
Cmd: compileSnippet
  api=4 type=1 insize=1273 outsize=4946 kw=POINT_COOKIE SHADOWS_OFF ok=1
Cmd: compileSnippet
  api=4 type=1 insize=1273 outsize=4816 kw=DIRECTIONAL_COOKIE SHADOWS_SCREEN ok=1
Cmd: compileSnippet
  api=4 type=1 insize=1273 outsize=6620 kw=SPOT SHADOWS_DEPTH SHADOWS_SOFT SHADOWS_NATIVE ok=1
Cmd: compileSnippet
  api=4 type=0 insize=1934 outsize=1956 kw=POINT_COOKIE SHADOWS_OFF ok=1
Cmd: compileSnippet
  api=4 type=0 insize=1934 outsize=1956 kw=DIRECTIONAL_COOKIE SHADOWS_OFF ok=1
Cmd: compileSnippet
  api=4 type=0 insize=1934 outsize=1956 kw=POINT SHADOWS_CUBE ok=1
Cmd: compileSnippet
  api=4 type=0 insize=1934 outsize=1956 kw=POINT_COOKIE SHADOWS_CUBE SHADOWS_SOFT ok=1
Cmd: compileSnippet
  api=4 type=0 insize=1934 outsize=1956 kw=DIRECTIONAL_COOKIE SHADOWS_OFF UNITY_HDR_ON ok=1
Cmd: compileSnippet
  api=4 type=0 insize=1934 outsize=1956 kw=DIRECTIONAL_COOKIE SHADOWS_SCREEN UNITY_HDR_ON ok=1
Cmd: compileSnippet
  api=4 type=0 insize=1934 outsize=1956 kw=POINT SHADOWS_CUBE SHADOWS_SOFT UNITY_HDR_ON ok=1
Cmd: compileSnippet
  api=4 type=1 insize=1934 outsize=7319 kw=SPOT SHADOWS_OFF ok=1
Cmd: compileSnippet
  api=4 type=1 insize=1934 outsize=7303 kw=DIRECTIONAL_COOKIE SHADOWS_SCREEN ok=1
Cmd: compileSnippet
  api=4 type=1 insize=1934 outsize=7888 kw=POINT SHADOWS_CUBE SHADOWS_SOFT ok=1
Cmd: compileSnippet
  api=4 type=1 insize=1934 outsize=6141 kw=DIRECTIONAL SHADOWS_OFF UNITY_HDR_ON ok=1
Cmd: compileSnippet
  api=4 type=1 insize=1934 outsize=8489 kw=SPOT SHADOWS_DEPTH SHADOWS_NATIVE UNITY_HDR_ON ok=1
Cmd: compileSnippet
  api=4 type=1 insize=1934 outsize=7587 kw=POINT_COOKIE SHADOWS_CUBE UNITY_HDR_ON ok=1
Cmd: compileSnippet
  api=8 type=0 insize=1051 outsize=1796 kw= ok=1
Cmd: compileSnippet
  api=8 type=0 insize=1089 outsize=1861 kw= ok=1
Cmd: compileSnippet
  api=8 type=0 insize=6638 outsize=1519 kw= ok=1
Cmd: compileSnippet
  api=4 type=0 insize=701 outsize=1071 kw= ok=1
Cmd: compileSnippet
  api=8 type=0 insize=701 outsize=1519 kw= ok=1
Cmd: compileSnippet
  api=8 type=0 insize=1032 outsize=1454 kw= ok=1
Unhandled exception: Readfile from pipe failed. GLE=Канал был закрыт.


Quitting shader compiler process
